<?xml version="1.0" encoding="UTF-8"?>
<testsuite name="companyB.common.SimpleRegexUtilsTest" time="0.085" tests="61" errors="0" skipped="0" failures="0">
  <properties>
[...]
</properties>
  <testcase name="testIsValidNumberSeriesExponent" classname="companyB.common.SimpleRegexUtilsTest" time="0.001"/>
  <testcase name="testIsValidNumberSeriesExponentLowerCase" classname="companyB.common.SimpleRegexUtilsTest" time="0.002"/>
  <testcase name="testIsValidNumberSeriesDecimal" classname="companyB.common.SimpleRegexUtilsTest" time="0.002"/>
  <testcase name="testIsValidNumberSeriesLeadingDecimal" classname="companyB.common.SimpleRegexUtilsTest" time="0.002"/>
  <testcase name="testIsValidNumberSeriesTrailingDecimal" classname="companyB.common.SimpleRegexUtilsTest" time="0.001"/>
  <testcase name="testIsValidNumberSeriesExponentDecimal" classname="companyB.common.SimpleRegexUtilsTest" time="0.001"/>
  <testcase name="testIsValidNumberSeriesNegative" classname="companyB.common.SimpleRegexUtilsTest" time="0.002"/>
  <testcase name="testIsValidNumberSeriesNegativeDecimal" classname="companyB.common.SimpleRegexUtilsTest" time="0.001"/>
  <testcase name="testIsValidNumberSeriesNegativeDecimalLeading" classname="companyB.common.SimpleRegexUtilsTest" time="0.001"/>
  <testcase name="testIsValidNumberSeriesNegativeDecimalTrailing" classname="companyB.common.SimpleRegexUtilsTest" time="0.001"/>
  <testcase name="testIsValidNumberSeriesNegativeExponentLowerCase" classname="companyB.common.SimpleRegexUtilsTest" time="0.001"/>
  <testcase name="testIsValidNumberSeriesNegativeExponentUpperCase" classname="companyB.common.SimpleRegexUtilsTest" time="0.001"/>
  <testcase name="testIsValidNumberSeriesNegativeExponentDecimalLowerCase" classname="companyB.common.SimpleRegexUtilsTest" time="0.001"/>
  <testcase name="testIsValidNumberSeriesNegativeExponentDecimalUpperCase" classname="companyB.common.SimpleRegexUtilsTest" time="0.001"/>
  <testcase name="testIsValidNumberSeriesDoubleDecimal" classname="companyB.common.SimpleRegexUtilsTest" time="0.001"/>
  <testcase name="testIsValidNumberSeriesDoubleNegative" classname="companyB.common.SimpleRegexUtilsTest" time="0.001"/>
  <testcase name="testIsValidNumberSeriesDoubleExponent" classname="companyB.common.SimpleRegexUtilsTest" time="0.002"/>
  <testcase name="testIsLetterSeries" classname="companyB.common.SimpleRegexUtilsTest" time="0.001"/>
  <testcase name="testIsValidFormattedSeriesNullString" classname="companyB.common.SimpleRegexUtilsTest" time="0.003"/>
  <testcase name="testIsValidFormattedSeriesEmptyStringString" classname="companyB.common.SimpleRegexUtilsTest" time="0.002"/>
  <testcase name="testIsValidFormattedSeriesStringNull" classname="companyB.common.SimpleRegexUtilsTest" time="0.002"/>
  <testcase name="testIsValidFormattedSeriesStringEmptyString" classname="companyB.common.SimpleRegexUtilsTest" time="0.002"/>
  <testcase name="testIsValidFormattedSeriesNullEmptyString" classname="companyB.common.SimpleRegexUtilsTest" time="0.001"/>
  <testcase name="testIsValidFormattedSeriesEmptyStringNull" classname="companyB.common.SimpleRegexUtilsTest" time="0.002"/>
  <testcase name="testIsValidFormattedSeriesEmptyStringEmptyString" classname="companyB.common.SimpleRegexUtilsTest" time="0.001"/>
  <testcase name="testIsValidFormattedSeriesNullNull" classname="companyB.common.SimpleRegexUtilsTest" time="0.002"/>
  <testcase name="testIsValidFormattedSeriesComplexLettersFail_2" classname="companyB.common.SimpleRegexUtilsTest" time="0.004"/>
  <testcase name="testIsValidFormattedSeriesComplexLettersPass" classname="companyB.common.SimpleRegexUtilsTest" time="0.002"/>
  <testcase name="testIsValidFormattedSeriesComplexLettersFail" classname="companyB.common.SimpleRegexUtilsTest" time="0.002"/>
  <testcase name="testIsValidFormattedSeriesComplexNumbersPass" classname="companyB.common.SimpleRegexUtilsTest" time="0.001"/>
  <testcase name="testIsValidFormattedSeriesComplexNumbersFail" classname="companyB.common.SimpleRegexUtilsTest" time="0.001"/>
  <testcase name="testIsValidFormattedSeriesComplexMixedPass" classname="companyB.common.SimpleRegexUtilsTest" time="0.002"/>
  <testcase name="testIsValidFormattedSeriesComplexMixedFail" classname="companyB.common.SimpleRegexUtilsTest" time="0.001"/>
  <testcase name="testIsValidFormattedSeriesComplexEmailPass" classname="companyB.common.SimpleRegexUtilsTest" time="0.002"/>
  <testcase name="testIsValidFormattedSeriesComplexEmailPass_2" classname="companyB.common.SimpleRegexUtilsTest" time="0.001"/>
  <testcase name="testIsValidFormattedSeriesComplexEmailPass_3" classname="companyB.common.SimpleRegexUtilsTest" time="0.002"/>
  <testcase name="testIsValidFormattedSeriesComplexEmailFail" classname="companyB.common.SimpleRegexUtilsTest" time="0.001"/>
  <testcase name="testIsValidAlphaNNull" classname="companyB.common.SimpleRegexUtilsTest" time="0.002"/>
  <testcase name="testIsNumberTrue" classname="companyB.common.SimpleRegexUtilsTest" time="0.001"/>
  <testcase name="testIsNumberFalse" classname="companyB.common.SimpleRegexUtilsTest" time="0.002"/>
  <testcase name="testIsValidNumberSeriesNull" classname="companyB.common.SimpleRegexUtilsTest" time="0.001"/>
  <testcase name="testIsLetterSeriesEmptyString" classname="companyB.common.SimpleRegexUtilsTest" time="0.001"/>
  <testcase name="testIsLetterSeriesFalse" classname="companyB.common.SimpleRegexUtilsTest" time="0.002"/>
  <testcase name="testIsLetterSeriesFalse_2" classname="companyB.common.SimpleRegexUtilsTest" time="0.001"/>
  <testcase name="testIsLetterSeriesNull" classname="companyB.common.SimpleRegexUtilsTest" time="0.001"/>
  <testcase name="testIsValidFormattedSeriesAmericanZipPass" classname="companyB.common.SimpleRegexUtilsTest" time="0.001"/>
  <testcase name="testIsValidFormattedSeriesAmericanZipFail" classname="companyB.common.SimpleRegexUtilsTest" time="0.001"/>
  <testcase name="testIsValidFormattedSeriesAmericanZipPlusFourPass" classname="companyB.common.SimpleRegexUtilsTest" time="0.002"/>
  <testcase name="testIsValidFormattedSeriesAmericanZipPlusFourFail_1" classname="companyB.common.SimpleRegexUtilsTest" time="0.001"/>
  <testcase name="testIsValidFormattedSeriesAmericanZipPlusFourFail_2" classname="companyB.common.SimpleRegexUtilsTest" time="0.002"/>
  <testcase name="testIsValidFormattedSeriesAmericanZipPlusFourFail_3" classname="companyB.common.SimpleRegexUtilsTest" time="0"/>
  <testcase name="testIsValidFormattedSeriesAmericanZipPlusFourFail_4" classname="companyB.common.SimpleRegexUtilsTest" time="0.001"/>
  <testcase name="testIsValidFormattedSeriesCanadianPostalCodePass_1" classname="companyB.common.SimpleRegexUtilsTest" time="0.001"/>
  <testcase name="testIsValidFormattedSeriesCanadianPostalCodePass_2" classname="companyB.common.SimpleRegexUtilsTest" time="0.001"/>
  <testcase name="testIsValidFormattedSeriesCanadianPostalCodeFail_1" classname="companyB.common.SimpleRegexUtilsTest" time="0.001"/>
  <testcase name="testIsValidFormattedSeriesCanadianPostalCodeFail_2" classname="companyB.common.SimpleRegexUtilsTest" time="0.001"/>
  <testcase name="testIsValidAlphaNEmpty" classname="companyB.common.SimpleRegexUtilsTest" time="0.003"/>
  <testcase name="testIsValidAlphaNAllAlpha" classname="companyB.common.SimpleRegexUtilsTest" time="0"/>
  <testcase name="testIsValidAlphaNAllN" classname="companyB.common.SimpleRegexUtilsTest" time="0.001"/>
  <testcase name="testIsValidAlphaNMixedTrue" classname="companyB.common.SimpleRegexUtilsTest" time="0.001"/>
  <testcase name="testIsValidAlphaNMixedFalse" classname="companyB.common.SimpleRegexUtilsTest" time="0"/>
</testsuite>